{"C:\\Users\\Abdul Wahab\\OneDrive\\Documents\\Microverse\\todo-list-webpack\\todo-list-webpack5\\src\\modules\\add.js": {"path":"C:\\Users\\Abdul Wahab\\OneDrive\\Documents\\Microverse\\todo-list-webpack\\todo-list-webpack5\\src\\modules\\add.js","statementMap":{"0":{"start":{"line":2,"column":32},"end":{"line":2,"column":61}},"1":{"start":{"line":3,"column":2},"end":{"line":6,"column":4}},"2":{"start":{"line":7,"column":2},"end":{"line":7,"column":79}},"3":{"start":{"line":9,"column":24},"end":{"line":9,"column":55}},"4":{"start":{"line":10,"column":2},"end":{"line":10,"column":49}},"5":{"start":{"line":11,"column":2},"end":{"line":11,"column":67}},"6":{"start":{"line":12,"column":2},"end":{"line":12,"column":44}},"7":{"start":{"line":13,"column":2},"end":{"line":13,"column":51}},"8":{"start":{"line":15,"column":26},"end":{"line":15,"column":56}},"9":{"start":{"line":16,"column":2},"end":{"line":16,"column":57}},"10":{"start":{"line":17,"column":2},"end":{"line":17,"column":68}},"11":{"start":{"line":18,"column":2},"end":{"line":18,"column":46}},"12":{"start":{"line":19,"column":2},"end":{"line":19,"column":53}},"13":{"start":{"line":21,"column":23},"end":{"line":21,"column":53}},"14":{"start":{"line":22,"column":2},"end":{"line":22,"column":48}},"15":{"start":{"line":23,"column":2},"end":{"line":23,"column":37}},"16":{"start":{"line":24,"column":2},"end":{"line":24,"column":50}},"17":{"start":{"line":26,"column":2},"end":{"line":28,"column":40}},"18":{"start":{"line":30,"column":2},"end":{"line":32,"column":47}},"19":{"start":{"line":36,"column":2},"end":{"line":44,"column":3}},"20":{"start":{"line":37,"column":4},"end":{"line":37,"column":33}},"21":{"start":{"line":38,"column":4},"end":{"line":38,"column":75}},"22":{"start":{"line":39,"column":4},"end":{"line":39,"column":59}},"23":{"start":{"line":41,"column":4},"end":{"line":41,"column":34}},"24":{"start":{"line":42,"column":4},"end":{"line":42,"column":67}},"25":{"start":{"line":43,"column":4},"end":{"line":43,"column":57}},"26":{"start":{"line":46,"column":2},"end":{"line":58,"column":5}},"27":{"start":{"line":47,"column":4},"end":{"line":57,"column":5}},"28":{"start":{"line":48,"column":6},"end":{"line":48,"column":77}},"29":{"start":{"line":49,"column":6},"end":{"line":49,"column":61}},"30":{"start":{"line":50,"column":6},"end":{"line":50,"column":48}},"31":{"start":{"line":51,"column":6},"end":{"line":51,"column":66}},"32":{"start":{"line":53,"column":6},"end":{"line":53,"column":69}},"33":{"start":{"line":54,"column":6},"end":{"line":54,"column":59}},"34":{"start":{"line":55,"column":6},"end":{"line":55,"column":49}},"35":{"start":{"line":56,"column":6},"end":{"line":56,"column":66}},"36":{"start":{"line":62,"column":14},"end":{"line":62,"column":44}},"37":{"start":{"line":63,"column":2},"end":{"line":63,"column":33}},"38":{"start":{"line":65,"column":2},"end":{"line":90,"column":5}},"39":{"start":{"line":66,"column":4},"end":{"line":89,"column":5}},"40":{"start":{"line":67,"column":6},"end":{"line":67,"column":54}},"41":{"start":{"line":68,"column":6},"end":{"line":68,"column":46}},"42":{"start":{"line":69,"column":6},"end":{"line":69,"column":48}},"43":{"start":{"line":70,"column":6},"end":{"line":70,"column":68}},"44":{"start":{"line":71,"column":6},"end":{"line":71,"column":53}},"45":{"start":{"line":72,"column":6},"end":{"line":72,"column":47}},"46":{"start":{"line":73,"column":6},"end":{"line":73,"column":66}},"47":{"start":{"line":74,"column":6},"end":{"line":74,"column":25}},"48":{"start":{"line":75,"column":6},"end":{"line":75,"column":33}},"49":{"start":{"line":76,"column":6},"end":{"line":76,"column":71}},"50":{"start":{"line":77,"column":6},"end":{"line":77,"column":66}},"51":{"start":{"line":79,"column":6},"end":{"line":79,"column":59}},"52":{"start":{"line":80,"column":6},"end":{"line":80,"column":45}},"53":{"start":{"line":81,"column":6},"end":{"line":81,"column":51}},"54":{"start":{"line":82,"column":6},"end":{"line":82,"column":30}},"55":{"start":{"line":83,"column":6},"end":{"line":83,"column":70}},"56":{"start":{"line":84,"column":6},"end":{"line":84,"column":53}},"57":{"start":{"line":85,"column":6},"end":{"line":85,"column":44}},"58":{"start":{"line":86,"column":6},"end":{"line":86,"column":64}},"59":{"start":{"line":87,"column":6},"end":{"line":87,"column":34}},"60":{"start":{"line":88,"column":6},"end":{"line":88,"column":35}}},"fnMap":{"0":{"name":"todoAdd","decl":{"start":{"line":1,"column":9},"end":{"line":1,"column":16}},"loc":{"start":{"line":1,"column":33},"end":{"line":103,"column":1}},"line":1},"1":{"name":"(anonymous_1)","decl":{"start":{"line":46,"column":42},"end":{"line":46,"column":43}},"loc":{"start":{"line":46,"column":48},"end":{"line":58,"column":3}},"line":46},"2":{"name":"(anonymous_2)","decl":{"start":{"line":65,"column":44},"end":{"line":65,"column":45}},"loc":{"start":{"line":65,"column":50},"end":{"line":90,"column":3}},"line":65}},"branchMap":{"0":{"loc":{"start":{"line":36,"column":2},"end":{"line":44,"column":3}},"type":"if","locations":[{"start":{"line":36,"column":2},"end":{"line":44,"column":3}},{"start":{"line":40,"column":9},"end":{"line":44,"column":3}}],"line":36},"1":{"loc":{"start":{"line":47,"column":4},"end":{"line":57,"column":5}},"type":"if","locations":[{"start":{"line":47,"column":4},"end":{"line":57,"column":5}},{"start":{"line":52,"column":11},"end":{"line":57,"column":5}}],"line":47},"2":{"loc":{"start":{"line":66,"column":4},"end":{"line":89,"column":5}},"type":"if","locations":[{"start":{"line":66,"column":4},"end":{"line":89,"column":5}},{"start":{"line":78,"column":11},"end":{"line":89,"column":5}}],"line":66}},"s":{"0":4,"1":4,"2":4,"3":4,"4":4,"5":4,"6":4,"7":4,"8":4,"9":4,"10":4,"11":4,"12":4,"13":4,"14":4,"15":4,"16":4,"17":4,"18":4,"19":4,"20":0,"21":0,"22":0,"23":4,"24":4,"25":4,"26":4,"27":1,"28":1,"29":1,"30":1,"31":1,"32":0,"33":0,"34":0,"35":0,"36":4,"37":4,"38":4,"39":2,"40":1,"41":1,"42":1,"43":1,"44":1,"45":1,"46":1,"47":1,"48":1,"49":1,"50":1,"51":1,"52":1,"53":1,"54":1,"55":1,"56":1,"57":1,"58":1,"59":1,"60":1},"f":{"0":4,"1":1,"2":2},"b":{"0":[0,4],"1":[1,0],"2":[1,1]},"_coverageSchema":"1a1c01bbd47fc00a2c39e90264f33305004495a9","hash":"31be0be7cc018aa3d3c64845b53f10adfe194aa8"}
,"C:\\Users\\Abdul Wahab\\OneDrive\\Documents\\Microverse\\todo-list-webpack\\todo-list-webpack5\\src\\modules\\remove.js": {"path":"C:\\Users\\Abdul Wahab\\OneDrive\\Documents\\Microverse\\todo-list-webpack\\todo-list-webpack5\\src\\modules\\remove.js","statementMap":{"0":{"start":{"line":2,"column":2},"end":{"line":2,"column":62}},"1":{"start":{"line":2,"column":36},"end":{"line":2,"column":60}}},"fnMap":{"0":{"name":"todoRemove","decl":{"start":{"line":1,"column":9},"end":{"line":1,"column":19}},"loc":{"start":{"line":1,"column":31},"end":{"line":3,"column":1}},"line":1},"1":{"name":"(anonymous_1)","decl":{"start":{"line":2,"column":26},"end":{"line":2,"column":27}},"loc":{"start":{"line":2,"column":36},"end":{"line":2,"column":60}},"line":2}},"branchMap":{},"s":{"0":2,"1":12},"f":{"0":2,"1":12},"b":{},"_coverageSchema":"1a1c01bbd47fc00a2c39e90264f33305004495a9","hash":"2aa4ec1071bd124910228671159fbb3eb98de02c"}
}
