{"C:\\Users\\Abdul Wahab\\OneDrive\\Documents\\Microverse\\todo-list-webpack\\todo-list-webpack5\\src\\modules\\remove.js": {"path":"C:\\Users\\Abdul Wahab\\OneDrive\\Documents\\Microverse\\todo-list-webpack\\todo-list-webpack5\\src\\modules\\remove.js","statementMap":{"0":{"start":{"line":2,"column":2},"end":{"line":2,"column":62}},"1":{"start":{"line":2,"column":36},"end":{"line":2,"column":60}}},"fnMap":{"0":{"name":"todoRemove","decl":{"start":{"line":1,"column":9},"end":{"line":1,"column":19}},"loc":{"start":{"line":1,"column":31},"end":{"line":3,"column":1}},"line":1},"1":{"name":"(anonymous_1)","decl":{"start":{"line":2,"column":26},"end":{"line":2,"column":27}},"loc":{"start":{"line":2,"column":36},"end":{"line":2,"column":60}},"line":2}},"branchMap":{},"s":{"0":3,"1":18},"f":{"0":3,"1":18},"b":{},"_coverageSchema":"1a1c01bbd47fc00a2c39e90264f33305004495a9","hash":"2aa4ec1071bd124910228671159fbb3eb98de02c"}
}
