TN:
SF:src\modules\add.js
FN:1,todoAdd
FN:46,(anonymous_1)
FN:65,(anonymous_2)
FNF:3
FNH:0
FNDA:0,todoAdd
FNDA:0,(anonymous_1)
FNDA:0,(anonymous_2)
DA:2,0
DA:3,0
DA:7,0
DA:9,0
DA:10,0
DA:11,0
DA:12,0
DA:13,0
DA:15,0
DA:16,0
DA:17,0
DA:18,0
DA:19,0
DA:21,0
DA:22,0
DA:23,0
DA:24,0
DA:26,0
DA:30,0
DA:36,0
DA:37,0
DA:38,0
DA:39,0
DA:41,0
DA:42,0
DA:43,0
DA:46,0
DA:47,0
DA:48,0
DA:49,0
DA:50,0
DA:51,0
DA:53,0
DA:54,0
DA:55,0
DA:56,0
DA:62,0
DA:63,0
DA:65,0
DA:66,0
DA:67,0
DA:68,0
DA:69,0
DA:70,0
DA:71,0
DA:72,0
DA:73,0
DA:74,0
DA:75,0
DA:76,0
DA:77,0
DA:79,0
DA:80,0
DA:81,0
DA:82,0
DA:83,0
DA:84,0
DA:85,0
DA:86,0
DA:87,0
DA:88,0
LF:61
LH:0
BRDA:36,0,0,0
BRDA:36,0,1,0
BRDA:47,1,0,0
BRDA:47,1,1,0
BRDA:66,2,0,0
BRDA:66,2,1,0
BRF:6
BRH:0
end_of_record
TN:
SF:src\modules\remove.js
FN:1,todoRemove
FN:2,(anonymous_1)
FNF:2
FNH:2
FNDA:3,todoRemove
FNDA:18,(anonymous_1)
DA:2,18
LF:1
LH:1
BRF:0
BRH:0
end_of_record
TN:
SF:src\modules\renderOnLoad.js
FN:3,renderOnLoad
FN:4,(anonymous_1)
FNF:2
FNH:2
FNDA:2,renderOnLoad
FNDA:12,(anonymous_1)
DA:4,2
DA:5,12
LF:2
LH:2
BRF:0
BRH:0
end_of_record
