TN:
SF:src\modules\add.js
FN:1,todoAdd
FN:46,(anonymous_1)
FN:65,(anonymous_2)
FNF:3
FNH:3
FNDA:4,todoAdd
FNDA:1,(anonymous_1)
FNDA:2,(anonymous_2)
DA:2,4
DA:3,4
DA:7,4
DA:9,4
DA:10,4
DA:11,4
DA:12,4
DA:13,4
DA:15,4
DA:16,4
DA:17,4
DA:18,4
DA:19,4
DA:21,4
DA:22,4
DA:23,4
DA:24,4
DA:26,4
DA:30,4
DA:36,4
DA:37,0
DA:38,0
DA:39,0
DA:41,4
DA:42,4
DA:43,4
DA:46,4
DA:47,1
DA:48,1
DA:49,1
DA:50,1
DA:51,1
DA:53,0
DA:54,0
DA:55,0
DA:56,0
DA:62,4
DA:63,4
DA:65,4
DA:66,2
DA:67,1
DA:68,1
DA:69,1
DA:70,1
DA:71,1
DA:72,1
DA:73,1
DA:74,1
DA:75,1
DA:76,1
DA:77,1
DA:79,1
DA:80,1
DA:81,1
DA:82,1
DA:83,1
DA:84,1
DA:85,1
DA:86,1
DA:87,1
DA:88,1
LF:61
LH:54
BRDA:36,0,0,0
BRDA:36,0,1,4
BRDA:47,1,0,1
BRDA:47,1,1,0
BRDA:66,2,0,1
BRDA:66,2,1,1
BRF:6
BRH:4
end_of_record
TN:
SF:src\modules\remove.js
FN:1,todoRemove
FN:2,(anonymous_1)
FNF:2
FNH:2
FNDA:2,todoRemove
FNDA:12,(anonymous_1)
DA:2,12
LF:1
LH:1
BRF:0
BRH:0
end_of_record
